2023-04-02T19:45:53.235+0530 [DEBUG] [org.gradle.launcher.daemon.bootstrap.DaemonMain] Assuming the daemon was started with following jvm opts: [-XX:MaxMetaspaceSize=512m, --add-opens, java.base/java.util=ALL-UNNAMED, --add-opens, java.base/java.lang=ALL-UNNAMED, --add-opens, java.base/java.lang.invoke=ALL-UNNAMED, --add-opens, java.base/java.util=ALL-UNNAMED, --add-opens, java.prefs/java.util.prefs=ALL-UNNAMED, --add-opens, java.prefs/java.util.prefs=ALL-UNNAMED, --add-opens, java.base/java.nio.charset=ALL-UNNAMED, --add-opens, java.base/java.net=ALL-UNNAMED, --add-opens, java.base/java.util.concurrent.atomic=ALL-UNNAMED, -Xmx2048m, -Dfile.encoding=windows-1252, -Duser.country=IN, -Duser.language=en, -Duser.variant]
2023-04-02T19:45:53.871+0530 [DEBUG] [org.gradle.internal.nativeintegration.services.NativeServices] Native-platform posix files integration is not available. Continuing with fallback.
2023-04-02T19:45:53.922+0530 [INFO] [org.gradle.launcher.daemon.server.Daemon] start() called on daemon - DefaultDaemonContext[uid=23a1282c-1c24-4c1d-8b1c-a5e85d5c0a2c,javaHome=C:\Program Files\Android\Android Studio\jbr,daemonRegistryDir=C:\Projects\Wallet\android\daemon,pid=4420,idleTimeout=10800000,priority=NORMAL,daemonOpts=-XX:MaxMetaspaceSize=512m,--add-opens,java.base/java.util=ALL-UNNAMED,--add-opens,java.base/java.lang=ALL-UNNAMED,--add-opens,java.base/java.lang.invoke=ALL-UNNAMED,--add-opens,java.base/java.util=ALL-UNNAMED,--add-opens,java.prefs/java.util.prefs=ALL-UNNAMED,--add-opens,java.prefs/java.util.prefs=ALL-UNNAMED,--add-opens,java.base/java.nio.charset=ALL-UNNAMED,--add-opens,java.base/java.net=ALL-UNNAMED,--add-opens,java.base/java.util.concurrent.atomic=ALL-UNNAMED,-Xmx2048m,-Dfile.encoding=windows-1252,-Duser.country=IN,-Duser.language=en,-Duser.variant]
2023-04-02T19:45:55.087+0530 [DEBUG] [org.gradle.internal.remote.internal.inet.InetAddresses] Adding IP addresses for network interface Software Loopback Interface 1
2023-04-02T19:45:55.094+0530 [DEBUG] [org.gradle.internal.remote.internal.inet.InetAddresses] Is this a loopback interface? true
2023-04-02T19:45:55.095+0530 [DEBUG] [org.gradle.internal.remote.internal.inet.InetAddresses] Adding loopback address /127.0.0.1
2023-04-02T19:45:55.096+0530 [DEBUG] [org.gradle.internal.remote.internal.inet.InetAddresses] Adding loopback address /0:0:0:0:0:0:0:1
2023-04-02T19:45:55.098+0530 [DEBUG] [org.gradle.internal.remote.internal.inet.InetAddresses] Adding IP addresses for network interface Microsoft 6to4 Adapter
2023-04-02T19:45:55.105+0530 [DEBUG] [org.gradle.internal.remote.internal.inet.InetAddresses] Is this a loopback interface? false
2023-04-02T19:45:55.106+0530 [DEBUG] [org.gradle.internal.remote.internal.inet.InetAddresses] Adding IP addresses for network interface WAN Miniport (L2TP)
2023-04-02T19:45:55.112+0530 [DEBUG] [org.gradle.internal.remote.internal.inet.InetAddresses] Is this a loopback interface? false
2023-04-02T19:45:55.113+0530 [DEBUG] [org.gradle.internal.remote.internal.inet.InetAddresses] Adding IP addresses for network interface WAN Miniport (SSTP)
2023-04-02T19:45:55.119+0530 [DEBUG] [org.gradle.internal.remote.internal.inet.InetAddresses] Is this a loopback interface? false
2023-04-02T19:45:55.120+0530 [DEBUG] [org.gradle.internal.remote.internal.inet.InetAddresses] Adding IP addresses for network interface Realtek RTL8723BE 802.11 bgn Wi-Fi Adapter
2023-04-02T19:45:55.126+0530 [DEBUG] [org.gradle.internal.remote.internal.inet.InetAddresses] Is this a loopback interface? false
2023-04-02T19:45:55.127+0530 [DEBUG] [org.gradle.internal.remote.internal.inet.InetAddresses] Adding remote address /fe80:0:0:0:c5ff:61c9:21b2:f5e5%wlan0
2023-04-02T19:45:55.127+0530 [DEBUG] [org.gradle.internal.remote.internal.inet.InetAddresses] Adding IP addresses for network interface Bluetooth Device (Personal Area Network)
2023-04-02T19:45:55.134+0530 [DEBUG] [org.gradle.internal.remote.internal.inet.InetAddresses] Is this a loopback interface? false
2023-04-02T19:45:55.135+0530 [DEBUG] [org.gradle.internal.remote.internal.inet.InetAddresses] Adding remote address /fe80:0:0:0:191b:9a67:1a61:eac9%eth0
2023-04-02T19:45:55.135+0530 [DEBUG] [org.gradle.internal.remote.internal.inet.InetAddresses] Adding IP addresses for network interface WAN Miniport (IP)
2023-04-02T19:45:55.142+0530 [DEBUG] [org.gradle.internal.remote.internal.inet.InetAddresses] Is this a loopback interface? false
2023-04-02T19:45:55.142+0530 [DEBUG] [org.gradle.internal.remote.internal.inet.InetAddresses] Adding IP addresses for network interface Microsoft Kernel Debug Network Adapter
2023-04-02T19:45:55.149+0530 [DEBUG] [org.gradle.internal.remote.internal.inet.InetAddresses] Is this a loopback interface? false
2023-04-02T19:45:55.150+0530 [DEBUG] [org.gradle.internal.remote.internal.inet.InetAddresses] Adding IP addresses for network interface Microsoft Wi-Fi Direct Virtual Adapter #2
2023-04-02T19:45:55.156+0530 [DEBUG] [org.gradle.internal.remote.internal.inet.InetAddresses] Is this a loopback interface? false
2023-04-02T19:45:55.157+0530 [DEBUG] [org.gradle.internal.remote.internal.inet.InetAddresses] Adding remote address /fe80:0:0:0:f106:cd13:f644:ce8e%wlan1
2023-04-02T19:45:55.157+0530 [DEBUG] [org.gradle.internal.remote.internal.inet.InetAddresses] Adding IP addresses for network interface WAN Miniport (PPPOE)
2023-04-02T19:45:55.163+0530 [DEBUG] [org.gradle.internal.remote.internal.inet.InetAddresses] Is this a loopback interface? false
2023-04-02T19:45:55.164+0530 [DEBUG] [org.gradle.internal.remote.internal.inet.InetAddresses] Adding IP addresses for network interface Microsoft IP-HTTPS Platform Adapter
2023-04-02T19:45:55.171+0530 [DEBUG] [org.gradle.internal.remote.internal.inet.InetAddresses] Is this a loopback interface? false
2023-04-02T19:45:55.172+0530 [DEBUG] [org.gradle.internal.remote.internal.inet.InetAddresses] Adding IP addresses for network interface Microsoft Wi-Fi Direct Virtual Adapter
2023-04-02T19:45:55.179+0530 [DEBUG] [org.gradle.internal.remote.internal.inet.InetAddresses] Is this a loopback interface? false
2023-04-02T19:45:55.180+0530 [DEBUG] [org.gradle.internal.remote.internal.inet.InetAddresses] Adding remote address /fe80:0:0:0:ad85:bdc1:9eb8:b7bc%wlan2
2023-04-02T19:45:55.180+0530 [DEBUG] [org.gradle.internal.remote.internal.inet.InetAddresses] Adding IP addresses for network interface WAN Miniport (PPTP)
2023-04-02T19:45:55.187+0530 [DEBUG] [org.gradle.internal.remote.internal.inet.InetAddresses] Is this a loopback interface? false
2023-04-02T19:45:55.188+0530 [DEBUG] [org.gradle.internal.remote.internal.inet.InetAddresses] Adding IP addresses for network interface WAN Miniport (Network Monitor)
2023-04-02T19:45:55.194+0530 [DEBUG] [org.gradle.internal.remote.internal.inet.InetAddresses] Is this a loopback interface? false
2023-04-02T19:45:55.195+0530 [DEBUG] [org.gradle.internal.remote.internal.inet.InetAddresses] Adding IP addresses for network interface Remote NDIS based Internet Sharing Device
2023-04-02T19:45:55.202+0530 [DEBUG] [org.gradle.internal.remote.internal.inet.InetAddresses] Is this a loopback interface? false
2023-04-02T19:45:55.202+0530 [DEBUG] [org.gradle.internal.remote.internal.inet.InetAddresses] Adding remote address /192.168.148.61
2023-04-02T19:45:55.203+0530 [DEBUG] [org.gradle.internal.remote.internal.inet.InetAddresses] Adding remote address /2409:40e0:2c:df9d:f03b:4497:1fb6:a854
2023-04-02T19:45:55.203+0530 [DEBUG] [org.gradle.internal.remote.internal.inet.InetAddresses] Adding remote address /2409:40e0:2c:df9d:b16e:9a25:949b:3e1f
2023-04-02T19:45:55.204+0530 [DEBUG] [org.gradle.internal.remote.internal.inet.InetAddresses] Adding remote address /fe80:0:0:0:f03b:4497:1fb6:a854%eth4
2023-04-02T19:45:55.204+0530 [DEBUG] [org.gradle.internal.remote.internal.inet.InetAddresses] Adding IP addresses for network interface Microsoft Teredo Tunneling Adapter
2023-04-02T19:45:55.210+0530 [DEBUG] [org.gradle.internal.remote.internal.inet.InetAddresses] Is this a loopback interface? false
2023-04-02T19:45:55.211+0530 [DEBUG] [org.gradle.internal.remote.internal.inet.InetAddresses] Adding IP addresses for network interface WAN Miniport (IKEv2)
2023-04-02T19:45:55.217+0530 [DEBUG] [org.gradle.internal.remote.internal.inet.InetAddresses] Is this a loopback interface? false
2023-04-02T19:45:55.218+0530 [DEBUG] [org.gradle.internal.remote.internal.inet.InetAddresses] Adding IP addresses for network interface WAN Miniport (IPv6)
2023-04-02T19:45:55.224+0530 [DEBUG] [org.gradle.internal.remote.internal.inet.InetAddresses] Is this a loopback interface? false
2023-04-02T19:45:55.225+0530 [DEBUG] [org.gradle.internal.remote.internal.inet.InetAddresses] Adding IP addresses for network interface Realtek(R) PCI(e) Ethernet Controller
2023-04-02T19:45:55.232+0530 [DEBUG] [org.gradle.internal.remote.internal.inet.InetAddresses] Is this a loopback interface? false
2023-04-02T19:45:55.233+0530 [DEBUG] [org.gradle.internal.remote.internal.inet.InetAddresses] Adding remote address /fe80:0:0:0:bcdf:ea92:dd3c:72ed%eth6
2023-04-02T19:45:55.233+0530 [DEBUG] [org.gradle.internal.remote.internal.inet.InetAddresses] Adding IP addresses for network interface Realtek(R) PCI(e) Ethernet Controller-WFP Native MAC Layer LightWeight Filter-0000
2023-04-02T19:45:55.241+0530 [DEBUG] [org.gradle.internal.remote.internal.inet.InetAddresses] Is this a loopback interface? false
2023-04-02T19:45:55.242+0530 [DEBUG] [org.gradle.internal.remote.internal.inet.InetAddresses] Adding IP addresses for network interface Realtek(R) PCI(e) Ethernet Controller-AppEx Accelerator LWF-0000
2023-04-02T19:45:55.251+0530 [DEBUG] [org.gradle.internal.remote.internal.inet.InetAddresses] Is this a loopback interface? false
2023-04-02T19:45:55.251+0530 [DEBUG] [org.gradle.internal.remote.internal.inet.InetAddresses] Adding IP addresses for network interface Realtek(R) PCI(e) Ethernet Controller-QoS Packet Scheduler-0000
2023-04-02T19:45:55.258+0530 [DEBUG] [org.gradle.internal.remote.internal.inet.InetAddresses] Is this a loopback interface? false
2023-04-02T19:45:55.259+0530 [DEBUG] [org.gradle.internal.remote.internal.inet.InetAddresses] Adding IP addresses for network interface Realtek(R) PCI(e) Ethernet Controller-WFP 802.3 MAC Layer LightWeight Filter-0000
2023-04-02T19:45:55.266+0530 [DEBUG] [org.gradle.internal.remote.internal.inet.InetAddresses] Is this a loopback interface? false
2023-04-02T19:45:55.267+0530 [DEBUG] [org.gradle.internal.remote.internal.inet.InetAddresses] Adding IP addresses for network interface Realtek RTL8723BE 802.11 bgn Wi-Fi Adapter-WFP Native MAC Layer LightWeight Filter-0000
2023-04-02T19:45:55.273+0530 [DEBUG] [org.gradle.internal.remote.internal.inet.InetAddresses] Is this a loopback interface? false
2023-04-02T19:45:55.274+0530 [DEBUG] [org.gradle.internal.remote.internal.inet.InetAddresses] Adding IP addresses for network interface Realtek RTL8723BE 802.11 bgn Wi-Fi Adapter-Virtual WiFi Filter Driver-0000
2023-04-02T19:45:55.280+0530 [DEBUG] [org.gradle.internal.remote.internal.inet.InetAddresses] Is this a loopback interface? false
2023-04-02T19:45:55.281+0530 [DEBUG] [org.gradle.internal.remote.internal.inet.InetAddresses] Adding IP addresses for network interface Realtek RTL8723BE 802.11 bgn Wi-Fi Adapter-Native WiFi Filter Driver-0000
2023-04-02T19:45:55.287+0530 [DEBUG] [org.gradle.internal.remote.internal.inet.InetAddresses] Is this a loopback interface? false
2023-04-02T19:45:55.288+0530 [DEBUG] [org.gradle.internal.remote.internal.inet.InetAddresses] Adding IP addresses for network interface Realtek RTL8723BE 802.11 bgn Wi-Fi Adapter-AppEx Accelerator LWF-0000
2023-04-02T19:45:55.296+0530 [DEBUG] [org.gradle.internal.remote.internal.inet.InetAddresses] Is this a loopback interface? false
2023-04-02T19:45:55.297+0530 [DEBUG] [org.gradle.internal.remote.internal.inet.InetAddresses] Adding IP addresses for network interface Realtek RTL8723BE 802.11 bgn Wi-Fi Adapter-QoS Packet Scheduler-0000
2023-04-02T19:45:55.307+0530 [DEBUG] [org.gradle.internal.remote.internal.inet.InetAddresses] Is this a loopback interface? false
2023-04-02T19:45:55.308+0530 [DEBUG] [org.gradle.internal.remote.internal.inet.InetAddresses] Adding IP addresses for network interface Realtek RTL8723BE 802.11 bgn Wi-Fi Adapter-WFP 802.3 MAC Layer LightWeight Filter-0000
2023-04-02T19:45:55.319+0530 [DEBUG] [org.gradle.internal.remote.internal.inet.InetAddresses] Is this a loopback interface? false
2023-04-02T19:45:55.321+0530 [DEBUG] [org.gradle.internal.remote.internal.inet.InetAddresses] Adding IP addresses for network interface Microsoft Wi-Fi Direct Virtual Adapter-WFP Native MAC Layer LightWeight Filter-0000
2023-04-02T19:45:55.328+0530 [DEBUG] [org.gradle.internal.remote.internal.inet.InetAddresses] Is this a loopback interface? false
2023-04-02T19:45:55.329+0530 [DEBUG] [org.gradle.internal.remote.internal.inet.InetAddresses] Adding IP addresses for network interface Microsoft Wi-Fi Direct Virtual Adapter-Native WiFi Filter Driver-0000
2023-04-02T19:45:55.337+0530 [DEBUG] [org.gradle.internal.remote.internal.inet.InetAddresses] Is this a loopback interface? false
2023-04-02T19:45:55.338+0530 [DEBUG] [org.gradle.internal.remote.internal.inet.InetAddresses] Adding IP addresses for network interface Microsoft Wi-Fi Direct Virtual Adapter-QoS Packet Scheduler-0000
2023-04-02T19:45:55.344+0530 [DEBUG] [org.gradle.internal.remote.internal.inet.InetAddresses] Is this a loopback interface? false
2023-04-02T19:45:55.345+0530 [DEBUG] [org.gradle.internal.remote.internal.inet.InetAddresses] Adding IP addresses for network interface Microsoft Wi-Fi Direct Virtual Adapter-WFP 802.3 MAC Layer LightWeight Filter-0000
2023-04-02T19:45:55.352+0530 [DEBUG] [org.gradle.internal.remote.internal.inet.InetAddresses] Is this a loopback interface? false
2023-04-02T19:45:55.353+0530 [DEBUG] [org.gradle.internal.remote.internal.inet.InetAddresses] Adding IP addresses for network interface Remote NDIS based Internet Sharing Device-WFP Native MAC Layer LightWeight Filter-0000
2023-04-02T19:45:55.360+0530 [DEBUG] [org.gradle.internal.remote.internal.inet.InetAddresses] Is this a loopback interface? false
2023-04-02T19:45:55.361+0530 [DEBUG] [org.gradle.internal.remote.internal.inet.InetAddresses] Adding IP addresses for network interface Remote NDIS based Internet Sharing Device-AppEx Accelerator LWF-0000
2023-04-02T19:45:55.367+0530 [DEBUG] [org.gradle.internal.remote.internal.inet.InetAddresses] Is this a loopback interface? false
2023-04-02T19:45:55.368+0530 [DEBUG] [org.gradle.internal.remote.internal.inet.InetAddresses] Adding IP addresses for network interface Remote NDIS based Internet Sharing Device-QoS Packet Scheduler-0000
2023-04-02T19:45:55.375+0530 [DEBUG] [org.gradle.internal.remote.internal.inet.InetAddresses] Is this a loopback interface? false
2023-04-02T19:45:55.376+0530 [DEBUG] [org.gradle.internal.remote.internal.inet.InetAddresses] Adding IP addresses for network interface Remote NDIS based Internet Sharing Device-WFP 802.3 MAC Layer LightWeight Filter-0000
2023-04-02T19:45:55.384+0530 [DEBUG] [org.gradle.internal.remote.internal.inet.InetAddresses] Is this a loopback interface? false
2023-04-02T19:45:55.385+0530 [DEBUG] [org.gradle.internal.remote.internal.inet.InetAddresses] Adding IP addresses for network interface WAN Miniport (IP)-WFP Native MAC Layer LightWeight Filter-0000
2023-04-02T19:45:55.393+0530 [DEBUG] [org.gradle.internal.remote.internal.inet.InetAddresses] Is this a loopback interface? false
2023-04-02T19:45:55.394+0530 [DEBUG] [org.gradle.internal.remote.internal.inet.InetAddresses] Adding IP addresses for network interface WAN Miniport (IP)-QoS Packet Scheduler-0000
2023-04-02T19:45:55.401+0530 [DEBUG] [org.gradle.internal.remote.internal.inet.InetAddresses] Is this a loopback interface? false
2023-04-02T19:45:55.402+0530 [DEBUG] [org.gradle.internal.remote.internal.inet.InetAddresses] Adding IP addresses for network interface WAN Miniport (IPv6)-WFP Native MAC Layer LightWeight Filter-0000
2023-04-02T19:45:55.409+0530 [DEBUG] [org.gradle.internal.remote.internal.inet.InetAddresses] Is this a loopback interface? false
2023-04-02T19:45:55.410+0530 [DEBUG] [org.gradle.internal.remote.internal.inet.InetAddresses] Adding IP addresses for network interface WAN Miniport (IPv6)-QoS Packet Scheduler-0000
2023-04-02T19:45:55.419+0530 [DEBUG] [org.gradle.internal.remote.internal.inet.InetAddresses] Is this a loopback interface? false
2023-04-02T19:45:55.420+0530 [DEBUG] [org.gradle.internal.remote.internal.inet.InetAddresses] Adding IP addresses for network interface WAN Miniport (Network Monitor)-WFP Native MAC Layer LightWeight Filter-0000
2023-04-02T19:45:55.428+0530 [DEBUG] [org.gradle.internal.remote.internal.inet.InetAddresses] Is this a loopback interface? false
2023-04-02T19:45:55.429+0530 [DEBUG] [org.gradle.internal.remote.internal.inet.InetAddresses] Adding IP addresses for network interface WAN Miniport (Network Monitor)-QoS Packet Scheduler-0000
2023-04-02T19:45:55.437+0530 [DEBUG] [org.gradle.internal.remote.internal.inet.InetAddresses] Is this a loopback interface? false
2023-04-02T19:45:55.437+0530 [DEBUG] [org.gradle.internal.remote.internal.inet.InetAddresses] Adding IP addresses for network interface Microsoft Wi-Fi Direct Virtual Adapter #2-WFP Native MAC Layer LightWeight Filter-0000
2023-04-02T19:45:55.444+0530 [DEBUG] [org.gradle.internal.remote.internal.inet.InetAddresses] Is this a loopback interface? false
2023-04-02T19:45:55.445+0530 [DEBUG] [org.gradle.internal.remote.internal.inet.InetAddresses] Adding IP addresses for network interface Microsoft Wi-Fi Direct Virtual Adapter #2-Native WiFi Filter Driver-0000
2023-04-02T19:45:55.453+0530 [DEBUG] [org.gradle.internal.remote.internal.inet.InetAddresses] Is this a loopback interface? false
2023-04-02T19:45:55.454+0530 [DEBUG] [org.gradle.internal.remote.internal.inet.InetAddresses] Adding IP addresses for network interface Microsoft Wi-Fi Direct Virtual Adapter #2-QoS Packet Scheduler-0000
2023-04-02T19:45:55.462+0530 [DEBUG] [org.gradle.internal.remote.internal.inet.InetAddresses] Is this a loopback interface? false
2023-04-02T19:45:55.463+0530 [DEBUG] [org.gradle.internal.remote.internal.inet.InetAddresses] Adding IP addresses for network interface Microsoft Wi-Fi Direct Virtual Adapter #2-WFP 802.3 MAC Layer LightWeight Filter-0000
2023-04-02T19:45:55.471+0530 [DEBUG] [org.gradle.internal.remote.internal.inet.InetAddresses] Is this a loopback interface? false
2023-04-02T19:45:55.481+0530 [DEBUG] [org.gradle.internal.remote.internal.inet.TcpIncomingConnector] Listening on [a16c6da1-9513-4f0a-8eae-987cb5247b0d port:50037, addresses:[localhost/127.0.0.1]].
2023-04-02T19:45:55.518+0530 [DEBUG] [org.gradle.launcher.daemon.server.Daemon] Daemon starting at: Sun Apr 02 19:45:55 IST 2023, with address: [a16c6da1-9513-4f0a-8eae-987cb5247b0d port:50037, addresses:[localhost/127.0.0.1]]
2023-04-02T19:45:55.519+0530 [INFO] [org.gradle.launcher.daemon.server.DaemonRegistryUpdater] Advertising the daemon address to the clients: [a16c6da1-9513-4f0a-8eae-987cb5247b0d port:50037, addresses:[localhost/127.0.0.1]]
2023-04-02T19:45:55.520+0530 [DEBUG] [org.gradle.launcher.daemon.server.DaemonRegistryUpdater] Advertised daemon context: DefaultDaemonContext[uid=23a1282c-1c24-4c1d-8b1c-a5e85d5c0a2c,javaHome=C:\Program Files\Android\Android Studio\jbr,daemonRegistryDir=C:\Projects\Wallet\android\daemon,pid=4420,idleTimeout=10800000,priority=NORMAL,daemonOpts=-XX:MaxMetaspaceSize=512m,--add-opens,java.base/java.util=ALL-UNNAMED,--add-opens,java.base/java.lang=ALL-UNNAMED,--add-opens,java.base/java.lang.invoke=ALL-UNNAMED,--add-opens,java.base/java.util=ALL-UNNAMED,--add-opens,java.prefs/java.util.prefs=ALL-UNNAMED,--add-opens,java.prefs/java.util.prefs=ALL-UNNAMED,--add-opens,java.base/java.nio.charset=ALL-UNNAMED,--add-opens,java.base/java.net=ALL-UNNAMED,--add-opens,java.base/java.util.concurrent.atomic=ALL-UNNAMED,-Xmx2048m,-Dfile.encoding=windows-1252,-Duser.country=IN,-Duser.language=en,-Duser.variant]
2023-04-02T19:45:55.542+0530 [DEBUG] [org.gradle.launcher.daemon.registry.PersistentDaemonRegistry] Storing daemon address: [a16c6da1-9513-4f0a-8eae-987cb5247b0d port:50037, addresses:[localhost/127.0.0.1]], context: DefaultDaemonContext[uid=23a1282c-1c24-4c1d-8b1c-a5e85d5c0a2c,javaHome=C:\Program Files\Android\Android Studio\jbr,daemonRegistryDir=C:\Projects\Wallet\android\daemon,pid=4420,idleTimeout=10800000,priority=NORMAL,daemonOpts=-XX:MaxMetaspaceSize=512m,--add-opens,java.base/java.util=ALL-UNNAMED,--add-opens,java.base/java.lang=ALL-UNNAMED,--add-opens,java.base/java.lang.invoke=ALL-UNNAMED,--add-opens,java.base/java.util=ALL-UNNAMED,--add-opens,java.prefs/java.util.prefs=ALL-UNNAMED,--add-opens,java.prefs/java.util.prefs=ALL-UNNAMED,--add-opens,java.base/java.nio.charset=ALL-UNNAMED,--add-opens,java.base/java.net=ALL-UNNAMED,--add-opens,java.base/java.util.concurrent.atomic=ALL-UNNAMED,-Xmx2048m,-Dfile.encoding=windows-1252,-Duser.country=IN,-Duser.language=en,-Duser.variant]
2023-04-02T19:45:55.578+0530 [DEBUG] [org.gradle.cache.internal.DefaultFileLockManager] Waiting to acquire exclusive lock on daemon addresses registry.
2023-04-02T19:45:55.604+0530 [DEBUG] [org.gradle.cache.internal.DefaultFileLockManager] Lock acquired on daemon addresses registry.
2023-04-02T19:45:55.659+0530 [DEBUG] [org.gradle.cache.internal.DefaultFileLockManager] Releasing lock on daemon addresses registry.
2023-04-02T19:45:55.676+0530 [LIFECYCLE] [org.gradle.launcher.daemon.server.Daemon] Daemon server started.
2023-04-02T19:45:55.684+0530 [DEBUG] [org.gradle.launcher.daemon.bootstrap.DaemonStartupCommunication] Completed writing the daemon greeting. Closing streams...
2023-04-02T19:45:55.704+0530 [DEBUG] [org.gradle.launcher.daemon.server.Daemon] stopOnExpiration() called on daemon
2023-04-02T19:45:55.708+0530 [DEBUG] [org.gradle.launcher.daemon.server.Daemon] awaitExpiration() called on daemon
2023-04-02T19:45:55.710+0530 [DEBUG] [org.gradle.launcher.daemon.server.DaemonStateCoordinator] daemon is running. Sleeping until state changes.
2023-04-02T19:45:55.713+0530 [DEBUG] [org.gradle.internal.remote.internal.inet.TcpIncomingConnector] Accepted connection from /127.0.0.1:50038 to /127.0.0.1:50037.
2023-04-02T19:45:55.897+0530 [DEBUG] [org.gradle.launcher.daemon.server.SynchronizedDispatchConnection] thread 19: received class org.gradle.launcher.daemon.protocol.Build
2023-04-02T19:45:55.898+0530 [DEBUG] [org.gradle.launcher.daemon.server.DefaultDaemonConnection] thread 19: Received non-IO message from client: Build{id=5c3eda11-fc29-48de-909e-88acb96c1bdd, currentDir=C:\Projects\Wallet\android}
2023-04-02T19:45:55.900+0530 [INFO] [org.gradle.launcher.daemon.server.DefaultIncomingConnectionHandler] Received command: Build{id=5c3eda11-fc29-48de-909e-88acb96c1bdd, currentDir=C:\Projects\Wallet\android}.
2023-04-02T19:45:55.901+0530 [DEBUG] [org.gradle.launcher.daemon.server.DefaultIncomingConnectionHandler] Starting executing command: Build{id=5c3eda11-fc29-48de-909e-88acb96c1bdd, currentDir=C:\Projects\Wallet\android} with connection: socket connection from /127.0.0.1:50037 to /127.0.0.1:50038.
2023-04-02T19:45:55.910+0530 [DEBUG] [org.gradle.launcher.daemon.server.DaemonStateCoordinator] Command execution: started DaemonCommandExecution[command = Build{id=5c3eda11-fc29-48de-909e-88acb96c1bdd, currentDir=C:\Projects\Wallet\android}, connection = DefaultDaemonConnection: socket connection from /127.0.0.1:50037 to /127.0.0.1:50038] after 0.0 minutes of idle
2023-04-02T19:45:55.957+0530 [INFO] [org.gradle.launcher.daemon.server.DaemonRegistryUpdater] Marking the daemon as busy, address: [a16c6da1-9513-4f0a-8eae-987cb5247b0d port:50037, addresses:[localhost/127.0.0.1]]
2023-04-02T19:45:55.958+0530 [DEBUG] [org.gradle.launcher.daemon.registry.PersistentDaemonRegistry] Marking busy by address: [a16c6da1-9513-4f0a-8eae-987cb5247b0d port:50037, addresses:[localhost/127.0.0.1]]
2023-04-02T19:45:55.961+0530 [DEBUG] [org.gradle.cache.internal.DefaultFileLockManager] Waiting to acquire exclusive lock on daemon addresses registry.
2023-04-02T19:45:55.970+0530 [DEBUG] [org.gradle.cache.internal.DefaultFileLockManager] Lock acquired on daemon addresses registry.
2023-04-02T19:45:55.984+0530 [DEBUG] [org.gradle.cache.internal.DefaultFileLockManager] Releasing lock on daemon addresses registry.
2023-04-02T19:45:55.990+0530 [DEBUG] [org.gradle.launcher.daemon.server.DaemonStateCoordinator] resetting idle timer
2023-04-02T19:45:55.992+0530 [DEBUG] [org.gradle.launcher.daemon.server.DaemonStateCoordinator] daemon is running. Sleeping until state changes.
2023-04-02T19:45:55.996+0530 [INFO] [org.gradle.launcher.daemon.server.exec.StartBuildOrRespondWithBusy] Daemon is about to start building Build{id=5c3eda11-fc29-48de-909e-88acb96c1bdd, currentDir=C:\Projects\Wallet\android}. Dispatching build started information...
2023-04-02T19:45:55.997+0530 [DEBUG] [org.gradle.launcher.daemon.server.SynchronizedDispatchConnection] thread 21: dispatching org.gradle.launcher.daemon.protocol.BuildStarted@3b1d14e4
2023-04-02T19:45:56.019+0530 [DEBUG] [org.gradle.launcher.daemon.server.SynchronizedDispatchConnection] thread 19: received class org.gradle.launcher.daemon.protocol.CloseInput
2023-04-02T19:45:56.020+0530 [DEBUG] [org.gradle.launcher.daemon.server.DefaultDaemonConnection] thread 19: Received IO message from client: org.gradle.launcher.daemon.protocol.CloseInput@7fb13522
2023-04-02T19:45:56.022+0530 [DEBUG] [org.gradle.launcher.daemon.server.exec.EstablishBuildEnvironment] Configuring env variables: [USERDOMAIN_ROAMINGPROFILE, LOCALAPPDATA, PROCESSOR_LEVEL, USERDOMAIN, LOGONSERVER, FPS_BROWSER_APP_PROFILE_STRING, JAVA_HOME, SESSIONNAME, ALLUSERSPROFILE, PROCESSOR_ARCHITECTURE, ANDROID_HOME, PSModulePath, SystemDrive, OneDrive, APPDATA, USERNAME, ProgramFiles(x86), CommonProgramFiles, Path, FPS_BROWSER_USER_PROFILE_STRING, PATHEXT, DriverData, OS, OneDriveConsumer, COMPUTERNAME, PROCESSOR_REVISION, CommonProgramW6432, ComSpec, ProgramData, ProgramW6432, TEMP, HOMEPATH, SystemRoot, PROCESSOR_IDENTIFIER, HOMEDRIVE, USERPROFILE, TMP, CommonProgramFiles(x86), ProgramFiles, PUBLIC, windir, NUMBER_OF_PROCESSORS, =::, IDEA_INITIAL_DIRECTORY]
2023-04-02T19:45:56.051+0530 [DEBUG] [org.gradle.launcher.daemon.server.exec.LogToClient] About to start relaying all logs to the client via the connection.
2023-04-02T19:45:56.052+0530 [INFO] [org.gradle.launcher.daemon.server.exec.LogToClient] The client will now receive all logging from the daemon (pid: 4420). The daemon log file: C:\Projects\Wallet\android\daemon\7.5.1\daemon-4420.out.log
2023-04-02T19:45:56.068+0530 [INFO] [org.gradle.launcher.daemon.server.exec.LogAndCheckHealth] Starting build in new daemon [memory: 2 GiB]
2023-04-02T19:45:56.084+0530 [INFO] [org.gradle.launcher.daemon.server.exec.ForwardClientInput] Closing daemon's stdin at end of input.
2023-04-02T19:45:56.085+0530 [INFO] [org.gradle.launcher.daemon.server.exec.ForwardClientInput] The daemon will no longer process any standard input.
2023-04-02T19:45:56.114+0530 [DEBUG] [org.gradle.launcher.daemon.server.exec.ExecuteBuild] The daemon has started executing the build.
2023-04-02T19:45:56.117+0530 [DEBUG] [org.gradle.launcher.daemon.server.exec.ExecuteBuild] Executing build with daemon context: DefaultDaemonContext[uid=23a1282c-1c24-4c1d-8b1c-a5e85d5c0a2c,javaHome=C:\Program Files\Android\Android Studio\jbr,daemonRegistryDir=C:\Projects\Wallet\android\daemon,pid=4420,idleTimeout=10800000,priority=NORMAL,daemonOpts=-XX:MaxMetaspaceSize=512m,--add-opens,java.base/java.util=ALL-UNNAMED,--add-opens,java.base/java.lang=ALL-UNNAMED,--add-opens,java.base/java.lang.invoke=ALL-UNNAMED,--add-opens,java.base/java.util=ALL-UNNAMED,--add-opens,java.prefs/java.util.prefs=ALL-UNNAMED,--add-opens,java.prefs/java.util.prefs=ALL-UNNAMED,--add-opens,java.base/java.nio.charset=ALL-UNNAMED,--add-opens,java.base/java.net=ALL-UNNAMED,--add-opens,java.base/java.util.concurrent.atomic=ALL-UNNAMED,-Xmx2048m,-Dfile.encoding=windows-1252,-Duser.country=IN,-Duser.language=en,-Duser.variant]
:react-native-firebase_app package.json found at C:\Projects\Wallet\node_modules\@react-native-firebase\app\package.json
:react-native-firebase_app:firebase.bom using default value: 31.3.0
:react-native-firebase_app:play.play-services-auth using default value: 20.3.0
:react-native-firebase_app package.json found at C:\Projects\Wallet\node_modules\@react-native-firebase\app\package.json
:react-native-firebase_app:version set from package.json: 17.4.1 (17,4,1 - 17004001)
:react-native-firebase_app:android.compileSdk using custom value: 33
:react-native-firebase_app:android.targetSdk using custom value: 33
:react-native-firebase_app:android.minSdk using custom value: 21
:react-native-firebase_app:reactNativeAndroidDir C:\Projects\Wallet\node_modules\react-native\android
:react-native-firebase_firestore package.json found at C:\Projects\Wallet\node_modules\@react-native-firebase\firestore\package.json
:react-native-firebase_app package.json found at C:\Projects\Wallet\node_modules\@react-native-firebase\app\package.json
:react-native-firebase_firestore:firebase.bom using default value: 31.3.0
:react-native-firebase_firestore package.json found at C:\Projects\Wallet\node_modules\@react-native-firebase\firestore\package.json
:react-native-firebase_firestore:version set from package.json: 17.4.1 (17,4,1 - 17004001)
:react-native-firebase_firestore:android.compileSdk using custom value: 33
:react-native-firebase_firestore:android.targetSdk using custom value: 33
:react-native-firebase_firestore:android.minSdk using custom value: 21
:react-native-firebase_firestore:reactNativeAndroidDir C:\Projects\Wallet\node_modules\react-native\android
warning: the transform cache was reset.
                Welcome to Metro v0.73.9
              Fast - Scalable - Integrated


info Writing bundle output to:, android\app\build\ASSETS\createBundleReleaseJsAndAssets\index.android.bundle
info Writing sourcemap output to:, android\app\build\intermediates\sourcemaps\react\release\index.android.bundle.packager.map
info Done writing bundle output
info Done writing sourcemap output
info Copying 6 asset files
info Done copying assets
android\app\build\ASSETS\createBundleReleaseJsAndAssets\index.android.bundle:1720:23: warning: the variable "DebuggerInternal" was not declared in function "__shouldPauseOnThrow"
        return typeof DebuggerInternal !== 'undefined' && DebuggerInternal.shouldPauseOnThrow === true;
                      ^~~~~~~~~~~~~~~~
android\app\build\ASSETS\createBundleReleaseJsAndAssets\index.android.bundle:4940:7: warning: the variable "setTimeout" was not declared in function "logCapturedError"
      setTimeout(function () {
      ^~~~~~~~~~
android\app\build\ASSETS\createBundleReleaseJsAndAssets\index.android.bundle:2914:108: warning: the variable "nativeFabricUIManager" was not declared in function "onChange"
      (fromOrTo = fromOrTo && fromOrTo.stateNode) && fromOrTo.canonical._internalInstanceHandle ? (from && nativeFabricUIManager.setIsJSResponder(from.stateNode.node, false, blockNativeResponder || false), to && nativeFabricUIManager.setIsJSResponder(to.stateNode.node, true, blockNativeResponder || false)) : null !== to ? _$$_REQUIRE(_dependencyMap[2]).UIManager.setJSResponder(to.stateNode.canonical._nativeTag, blockNativeResponder) : _$$_REQUIRE(_dependencyMap[2]).UIManager.clearJSResponder();
                                                                                                           ^~~~~~~~~~~~~~~~~~~~~
android\app\build\ASSETS\createBundleReleaseJsAndAssets\index.android.bundle:3521:21: warning: the variable "clearTimeout" was not declared in anonymous function " 98#"
    cancelTimeout = clearTimeout;
                    ^~~~~~~~~~~~
android\app\build\ASSETS\createBundleReleaseJsAndAssets\index.android.bundle:7271:30: warning: the variable "__REACT_DEVTOOLS_GLOBAL_HOOK__" was not declared in anonymous function " 98#"
  if ("undefined" !== typeof __REACT_DEVTOOLS_GLOBAL_HOOK__) {
                             ^~~~~~~~~~~~~~~~~~~~~~~~~~~~~~
android\app\build\ASSETS\createBundleReleaseJsAndAssets\index.android.bundle:8040:5: warning: the variable "setImmediate" was not declared in function "handleResolved"
    setImmediate(function () {
    ^~~~~~~~~~~~
android\app\build\ASSETS\createBundleReleaseJsAndAssets\index.android.bundle:8251:16: warning: the variable "AggregateError" was not declared in function "getAggregateError"
    if (typeof AggregateError === 'function') {
               ^~~~~~~~~~~~~~
android\app\build\ASSETS\createBundleReleaseJsAndAssets\index.android.bundle:11000:12: warning: the variable "fetch" was not declared in anonymous function " 301#"
    fetch: fetch,
           ^~~~~
android\app\build\ASSETS\createBundleReleaseJsAndAssets\index.android.bundle:11001:14: warning: the variable "Headers" was not declared in anonymous function " 301#"
    Headers: Headers,
             ^~~~~~~
android\app\build\ASSETS\createBundleReleaseJsAndAssets\index.android.bundle:11002:14: warning: the variable "Request" was not declared in anonymous function " 301#"
    Request: Request,
             ^~~~~~~
android\app\build\ASSETS\createBundleReleaseJsAndAssets\index.android.bundle:11003:15: warning: the variable "Response" was not declared in anonymous function " 301#"
    Response: Response
              ^~~~~~~~
android\app\build\ASSETS\createBundleReleaseJsAndAssets\index.android.bundle:11151:24: warning: the variable "FileReader" was not declared in function "readBlobAsArrayBuffer"
      var reader = new FileReader();
                       ^~~~~~~~~~
android\app\build\ASSETS\createBundleReleaseJsAndAssets\index.android.bundle:11188:36: warning: the variable "Blob" was not declared in anonymous function " 312#"
        } else if (support.blob && Blob.prototype.isPrototypeOf(body)) {
                                   ^~~~
android\app\build\ASSETS\createBundleReleaseJsAndAssets\index.android.bundle:11190:40: warning: the variable "FormData" was not declared in anonymous function " 312#"
        } else if (support.formData && FormData.prototype.isPrototypeOf(body)) {
                                       ^~~~~~~~
android\app\build\ASSETS\createBundleReleaseJsAndAssets\index.android.bundle:11192:44: warning: the variable "URLSearchParams" was not declared in anonymous function " 312#"
        } else if (support.searchParams && URLSearchParams.prototype.isPrototypeOf(body)) {
                                           ^~~~~~~~~~~~~~~
android\app\build\ASSETS\createBundleReleaseJsAndAssets\index.android.bundle:11419:23: warning: the variable "XMLHttpRequest" was not declared in anonymous function " 321#"
        var xhr = new XMLHttpRequest();
                      ^~~~~~~~~~~~~~
android\app\build\ASSETS\createBundleReleaseJsAndAssets\index.android.bundle:11012:76: warning: the variable "self" was not declared in anonymous function " 304#"
    var global = typeof globalThis !== 'undefined' && globalThis || typeof self !== 'undefined' && self || typeof global !== 'undefined' && global;
                                                                           ^~~~
android\app\build\ASSETS\createBundleReleaseJsAndAssets\index.android.bundle:16651:27: warning: the variable "performance" was not declared in anonymous function " 560#"
  if ("object" === typeof performance && "function" === typeof performance.now) {
                          ^~~~~~~~~~~
android\app\build\ASSETS\createBundleReleaseJsAndAssets\index.android.bundle:16674:26: warning: the variable "navigator" was not declared in anonymous function " 560#"
  "undefined" !== typeof navigator && undefined !== navigator.scheduling && undefined !== navigator.scheduling.isInputPending && navigator.scheduling.isInputPending.bind(navigator.scheduling);
                         ^~~~~~~~~
android\app\build\ASSETS\createBundleReleaseJsAndAssets\index.android.bundle:16741:37: warning: the variable "MessageChannel" was not declared in anonymous function " 560#"
  };else if ("undefined" !== typeof MessageChannel) {
                                    ^~~~~~~~~~~~~~
android\app\build\ASSETS\createBundleReleaseJsAndAssets\index.android.bundle:24940:34: warning: the variable "requestAnimationFrame" was not declared in function "start 9#"
          this._animationFrame = requestAnimationFrame(this.onUpdate.bind(this));
                                 ^~~~~~~~~~~~~~~~~~~~~

BUILD SUCCESSFUL in 12m 54s
227 actionable tasks: 11 executed, 216 up-to-date
2023-04-02T19:58:41.464+0530 [DEBUG] [org.gradle.launcher.daemon.server.exec.ExecuteBuild] The daemon has finished executing the build.
2023-04-02T19:58:41.482+0530 [DEBUG] [org.gradle.launcher.daemon.server.DaemonStateCoordinator] daemon is running. Sleeping until state changes.
2023-04-02T19:58:41.483+0530 [DEBUG] [org.gradle.launcher.daemon.server.DaemonStateCoordinator] Command execution: finished waiting for DaemonCommandExecution[command = Build{id=5c3eda11-fc29-48de-909e-88acb96c1bdd, currentDir=C:\Projects\Wallet\android}, connection = DefaultDaemonConnection: socket connection from /127.0.0.1:50037 to /127.0.0.1:50038]. Result org.gradle.launcher.daemon.server.DaemonStateCoordinator@5474b8e2 with state Busy
2023-04-02T19:58:41.484+0530 [DEBUG] [org.gradle.launcher.daemon.server.DaemonStateCoordinator] Command execution: completed DaemonCommandExecution[command = Build{id=5c3eda11-fc29-48de-909e-88acb96c1bdd, currentDir=C:\Projects\Wallet\android}, connection = DefaultDaemonConnection: socket connection from /127.0.0.1:50037 to /127.0.0.1:50038]
2023-04-02T19:58:41.484+0530 [DEBUG] [org.gradle.launcher.daemon.server.DaemonStateCoordinator] resetting idle timer
2023-04-02T19:58:41.484+0530 [INFO] [org.gradle.launcher.daemon.server.DaemonRegistryUpdater] Marking the daemon as idle, address: [a16c6da1-9513-4f0a-8eae-987cb5247b0d port:50037, addresses:[localhost/127.0.0.1]]
2023-04-02T19:58:41.485+0530 [DEBUG] [org.gradle.launcher.daemon.registry.PersistentDaemonRegistry] Marking busy by address: [a16c6da1-9513-4f0a-8eae-987cb5247b0d port:50037, addresses:[localhost/127.0.0.1]]
2023-04-02T19:58:41.487+0530 [DEBUG] [org.gradle.cache.internal.DefaultFileLockManager] Waiting to acquire exclusive lock on daemon addresses registry.
2023-04-02T19:58:41.489+0530 [DEBUG] [org.gradle.cache.internal.DefaultFileLockManager] Lock acquired on daemon addresses registry.
2023-04-02T19:58:41.493+0530 [DEBUG] [org.gradle.cache.internal.DefaultFileLockManager] Releasing lock on daemon addresses registry.
2023-04-02T19:58:41.495+0530 [DEBUG] [org.gradle.launcher.daemon.server.DaemonStateCoordinator] daemon is running. Sleeping until state changes.
2023-04-02T19:58:41.495+0530 [DEBUG] [org.gradle.launcher.daemon.server.exec.ReturnResult] Daemon is dispatching the build result: Success[value=org.gradle.launcher.exec.BuildActionResult@59c81ed3]
2023-04-02T19:58:41.496+0530 [DEBUG] [org.gradle.launcher.daemon.server.SynchronizedDispatchConnection] thread 18: dispatching Success[value=org.gradle.launcher.exec.BuildActionResult@59c81ed3]
2023-04-02T19:58:41.497+0530 [DEBUG] [org.gradle.launcher.daemon.server.DefaultIncomingConnectionHandler] Finishing executing command: Build{id=5c3eda11-fc29-48de-909e-88acb96c1bdd, currentDir=C:\Projects\Wallet\android}
2023-04-02T19:58:41.501+0530 [DEBUG] [org.gradle.launcher.daemon.server.SynchronizedDispatchConnection] thread 19: received class org.gradle.launcher.daemon.protocol.Finished
2023-04-02T19:58:41.505+0530 [DEBUG] [org.gradle.launcher.daemon.server.DefaultDaemonConnection] thread 19: Received non-IO message from client: org.gradle.launcher.daemon.protocol.Finished@14de4209
2023-04-02T19:58:41.507+0530 [DEBUG] [org.gradle.launcher.daemon.server.DefaultIncomingConnectionHandler] Received finished message: org.gradle.launcher.daemon.protocol.Finished@14de4209
2023-04-02T19:58:41.507+0530 [DEBUG] [org.gradle.internal.remote.internal.inet.SocketConnection] Discarding EOFException: java.io.EOFException
2023-04-02T19:58:41.508+0530 [DEBUG] [org.gradle.launcher.daemon.server.SynchronizedDispatchConnection] thread 19: received null
2023-04-02T19:58:41.509+0530 [DEBUG] [org.gradle.launcher.daemon.server.DefaultDaemonConnection] thread 19: Received end-of-input from client.
2023-04-02T19:58:41.510+0530 [DEBUG] [org.gradle.launcher.daemon.server.SynchronizedDispatchConnection] thread 18: stopping connection
2023-04-02T19:58:41.513+0530 [DEBUG] [org.gradle.launcher.daemon.server.SynchronizedDispatchConnection] thread 18: stopping connection
2023-04-02T19:58:45.730+0530 [DEBUG] [org.gradle.cache.internal.DefaultFileLockManager] Waiting to acquire shared lock on daemon addresses registry.
2023-04-02T19:58:45.731+0530 [DEBUG] [org.gradle.cache.internal.DefaultFileLockManager] Lock acquired on daemon addresses registry.
2023-04-02T19:58:45.733+0530 [DEBUG] [org.gradle.cache.internal.DefaultFileLockManager] Releasing lock on daemon addresses registry.
2023-04-02T19:58:45.739+0530 [DEBUG] [org.gradle.cache.internal.DefaultFileLockManager] Waiting to acquire shared lock on daemon addresses registry.
2023-04-02T19:58:45.740+0530 [DEBUG] [org.gradle.cache.internal.DefaultFileLockManager] Lock acquired on daemon addresses registry.
2023-04-02T19:58:45.742+0530 [DEBUG] [org.gradle.cache.internal.DefaultFileLockManager] Releasing lock on daemon addresses registry.
2023-04-02T19:58:55.729+0530 [DEBUG] [org.gradle.cache.internal.DefaultFileLockManager] Waiting to acquire shared lock on daemon addresses registry.
2023-04-02T19:58:55.730+0530 [DEBUG] [org.gradle.cache.internal.DefaultFileLockManager] Lock acquired on daemon addresses registry.
2023-04-02T19:58:55.731+0530 [DEBUG] [org.gradle.cache.internal.DefaultFileLockManager] Releasing lock on daemon addresses registry.
2023-04-02T19:58:55.736+0530 [DEBUG] [org.gradle.cache.internal.DefaultFileLockManager] Waiting to acquire shared lock on daemon addresses registry.
2023-04-02T19:58:55.737+0530 [DEBUG] [org.gradle.cache.internal.DefaultFileLockManager] Lock acquired on daemon addresses registry.
2023-04-02T19:58:55.739+0530 [DEBUG] [org.gradle.cache.internal.DefaultFileLockManager] Releasing lock on daemon addresses registry.
2023-04-02T19:58:55.743+0530 [DEBUG] [org.gradle.cache.internal.DefaultFileLockManager] Waiting to acquire shared lock on daemon addresses registry.
2023-04-02T19:58:55.744+0530 [DEBUG] [org.gradle.cache.internal.DefaultFileLockManager] Lock acquired on daemon addresses registry.
2023-04-02T19:58:55.746+0530 [DEBUG] [org.gradle.cache.internal.DefaultFileLockManager] Releasing lock on daemon addresses registry.
2023-04-02T19:59:05.732+0530 [DEBUG] [org.gradle.cache.internal.DefaultFileLockManager] Waiting to acquire shared lock on daemon addresses registry.
2023-04-02T19:59:05.734+0530 [DEBUG] [org.gradle.cache.internal.DefaultFileLockManager] Lock acquired on daemon addresses registry.
2023-04-02T19:59:05.736+0530 [DEBUG] [org.gradle.cache.internal.DefaultFileLockManager] Releasing lock on daemon addresses registry.
2023-04-02T19:59:05.739+0530 [DEBUG] [org.gradle.cache.internal.DefaultFileLockManager] Waiting to acquire shared lock on daemon addresses registry.
2023-04-02T19:59:05.752+0530 [DEBUG] [org.gradle.cache.internal.DefaultFileLockManager] Lock acquired on daemon addresses registry.
2023-04-02T19:59:05.754+0530 [DEBUG] [org.gradle.cache.internal.DefaultFileLockManager] Releasing lock on daemon addresses registry.
2023-04-02T19:59:05.756+0530 [DEBUG] [org.gradle.cache.internal.DefaultFileLockManager] Waiting to acquire shared lock on daemon addresses registry.
2023-04-02T19:59:05.759+0530 [DEBUG] [org.gradle.cache.internal.DefaultFileLockManager] Lock acquired on daemon addresses registry.
2023-04-02T19:59:05.760+0530 [DEBUG] [org.gradle.cache.internal.DefaultFileLockManager] Releasing lock on daemon addresses registry.
2023-04-02T19:59:15.732+0530 [DEBUG] [org.gradle.cache.internal.DefaultFileLockManager] Waiting to acquire shared lock on daemon addresses registry.
2023-04-02T19:59:15.732+0530 [DEBUG] [org.gradle.cache.internal.DefaultFileLockManager] Lock acquired on daemon addresses registry.
2023-04-02T19:59:15.733+0530 [DEBUG] [org.gradle.cache.internal.DefaultFileLockManager] Releasing lock on daemon addresses registry.
2023-04-02T19:59:15.737+0530 [DEBUG] [org.gradle.cache.internal.DefaultFileLockManager] Waiting to acquire shared lock on daemon addresses registry.
2023-04-02T19:59:15.738+0530 [DEBUG] [org.gradle.cache.internal.DefaultFileLockManager] Lock acquired on daemon addresses registry.
2023-04-02T19:59:15.739+0530 [DEBUG] [org.gradle.cache.internal.DefaultFileLockManager] Releasing lock on daemon addresses registry.
2023-04-02T19:59:15.741+0530 [DEBUG] [org.gradle.cache.internal.DefaultFileLockManager] Waiting to acquire shared lock on daemon addresses registry.
2023-04-02T19:59:15.742+0530 [DEBUG] [org.gradle.cache.internal.DefaultFileLockManager] Lock acquired on daemon addresses registry.
2023-04-02T19:59:15.743+0530 [DEBUG] [org.gradle.cache.internal.DefaultFileLockManager] Releasing lock on daemon addresses registry.
2023-04-02T19:59:25.731+0530 [DEBUG] [org.gradle.cache.internal.DefaultFileLockManager] Waiting to acquire shared lock on daemon addresses registry.
2023-04-02T19:59:25.733+0530 [DEBUG] [org.gradle.cache.internal.DefaultFileLockManager] Lock acquired on daemon addresses registry.
2023-04-02T19:59:25.734+0530 [DEBUG] [org.gradle.cache.internal.DefaultFileLockManager] Releasing lock on daemon addresses registry.
2023-04-02T19:59:25.737+0530 [DEBUG] [org.gradle.cache.internal.DefaultFileLockManager] Waiting to acquire shared lock on daemon addresses registry.
2023-04-02T19:59:25.738+0530 [DEBUG] [org.gradle.cache.internal.DefaultFileLockManager] Lock acquired on daemon addresses registry.
2023-04-02T19:59:25.740+0530 [DEBUG] [org.gradle.cache.internal.DefaultFileLockManager] Releasing lock on daemon addresses registry.
2023-04-02T19:59:25.742+0530 [DEBUG] [org.gradle.cache.internal.DefaultFileLockManager] Waiting to acquire shared lock on daemon addresses registry.
2023-04-02T19:59:25.744+0530 [DEBUG] [org.gradle.cache.internal.DefaultFileLockManager] Lock acquired on daemon addresses registry.
2023-04-02T19:59:25.745+0530 [DEBUG] [org.gradle.cache.internal.DefaultFileLockManager] Releasing lock on daemon addresses registry.
2023-04-02T19:59:35.730+0530 [DEBUG] [org.gradle.cache.internal.DefaultFileLockManager] Waiting to acquire shared lock on daemon addresses registry.
2023-04-02T19:59:35.732+0530 [DEBUG] [org.gradle.cache.internal.DefaultFileLockManager] Lock acquired on daemon addresses registry.
2023-04-02T19:59:35.733+0530 [DEBUG] [org.gradle.cache.internal.DefaultFileLockManager] Releasing lock on daemon addresses registry.
2023-04-02T19:59:35.736+0530 [DEBUG] [org.gradle.cache.internal.DefaultFileLockManager] Waiting to acquire shared lock on daemon addresses registry.
2023-04-02T19:59:35.737+0530 [DEBUG] [org.gradle.cache.internal.DefaultFileLockManager] Lock acquired on daemon addresses registry.
2023-04-02T19:59:35.738+0530 [DEBUG] [org.gradle.cache.internal.DefaultFileLockManager] Releasing lock on daemon addresses registry.
2023-04-02T19:59:35.742+0530 [DEBUG] [org.gradle.cache.internal.DefaultFileLockManager] Waiting to acquire shared lock on daemon addresses registry.
2023-04-02T19:59:35.745+0530 [DEBUG] [org.gradle.cache.internal.DefaultFileLockManager] Lock acquired on daemon addresses registry.
2023-04-02T19:59:35.747+0530 [DEBUG] [org.gradle.cache.internal.DefaultFileLockManager] Releasing lock on daemon addresses registry.
2023-04-02T19:59:45.734+0530 [DEBUG] [org.gradle.cache.internal.DefaultFileLockManager] Waiting to acquire shared lock on daemon addresses registry.
2023-04-02T19:59:45.736+0530 [DEBUG] [org.gradle.cache.internal.DefaultFileLockManager] Lock acquired on daemon addresses registry.
2023-04-02T19:59:45.737+0530 [DEBUG] [org.gradle.cache.internal.DefaultFileLockManager] Releasing lock on daemon addresses registry.
2023-04-02T19:59:45.741+0530 [DEBUG] [org.gradle.cache.internal.DefaultFileLockManager] Waiting to acquire shared lock on daemon addresses registry.
2023-04-02T19:59:45.742+0530 [DEBUG] [org.gradle.cache.internal.DefaultFileLockManager] Lock acquired on daemon addresses registry.
2023-04-02T19:59:45.743+0530 [DEBUG] [org.gradle.cache.internal.DefaultFileLockManager] Releasing lock on daemon addresses registry.
2023-04-02T19:59:45.746+0530 [DEBUG] [org.gradle.cache.internal.DefaultFileLockManager] Waiting to acquire shared lock on daemon addresses registry.
2023-04-02T19:59:45.747+0530 [DEBUG] [org.gradle.cache.internal.DefaultFileLockManager] Lock acquired on daemon addresses registry.
2023-04-02T19:59:45.748+0530 [DEBUG] [org.gradle.cache.internal.DefaultFileLockManager] Releasing lock on daemon addresses registry.
2023-04-02T19:59:55.731+0530 [DEBUG] [org.gradle.cache.internal.DefaultFileLockManager] Waiting to acquire shared lock on daemon addresses registry.
2023-04-02T19:59:55.732+0530 [DEBUG] [org.gradle.cache.internal.DefaultFileLockManager] Lock acquired on daemon addresses registry.
2023-04-02T19:59:55.733+0530 [DEBUG] [org.gradle.cache.internal.DefaultFileLockManager] Releasing lock on daemon addresses registry.
2023-04-02T19:59:55.738+0530 [DEBUG] [org.gradle.cache.internal.DefaultFileLockManager] Waiting to acquire shared lock on daemon addresses registry.
2023-04-02T19:59:55.741+0530 [DEBUG] [org.gradle.cache.internal.DefaultFileLockManager] Lock acquired on daemon addresses registry.
2023-04-02T19:59:55.742+0530 [DEBUG] [org.gradle.cache.internal.DefaultFileLockManager] Releasing lock on daemon addresses registry.
2023-04-02T19:59:55.748+0530 [DEBUG] [org.gradle.cache.internal.DefaultFileLockManager] Waiting to acquire shared lock on daemon addresses registry.
2023-04-02T19:59:55.754+0530 [DEBUG] [org.gradle.cache.internal.DefaultFileLockManager] Lock acquired on daemon addresses registry.
2023-04-02T19:59:55.755+0530 [DEBUG] [org.gradle.cache.internal.DefaultFileLockManager] Releasing lock on daemon addresses registry.
2023-04-02T20:00:05.725+0530 [DEBUG] [org.gradle.cache.internal.DefaultFileLockManager] Waiting to acquire shared lock on daemon addresses registry.
2023-04-02T20:00:05.726+0530 [DEBUG] [org.gradle.cache.internal.DefaultFileLockManager] Lock acquired on daemon addresses registry.
2023-04-02T20:00:05.727+0530 [DEBUG] [org.gradle.cache.internal.DefaultFileLockManager] Releasing lock on daemon addresses registry.
2023-04-02T20:00:05.729+0530 [DEBUG] [org.gradle.cache.internal.DefaultFileLockManager] Waiting to acquire shared lock on daemon addresses registry.
2023-04-02T20:00:05.730+0530 [DEBUG] [org.gradle.cache.internal.DefaultFileLockManager] Lock acquired on daemon addresses registry.
2023-04-02T20:00:05.731+0530 [DEBUG] [org.gradle.cache.internal.DefaultFileLockManager] Releasing lock on daemon addresses registry.
2023-04-02T20:00:05.732+0530 [DEBUG] [org.gradle.cache.internal.DefaultFileLockManager] Waiting to acquire shared lock on daemon addresses registry.
2023-04-02T20:00:05.733+0530 [DEBUG] [org.gradle.cache.internal.DefaultFileLockManager] Lock acquired on daemon addresses registry.
2023-04-02T20:00:05.734+0530 [DEBUG] [org.gradle.cache.internal.DefaultFileLockManager] Releasing lock on daemon addresses registry.
2023-04-02T20:00:15.718+0530 [DEBUG] [org.gradle.cache.internal.DefaultFileLockManager] Waiting to acquire shared lock on daemon addresses registry.
2023-04-02T20:00:15.723+0530 [DEBUG] [org.gradle.cache.internal.DefaultFileLockManager] Lock acquired on daemon addresses registry.
2023-04-02T20:00:15.725+0530 [DEBUG] [org.gradle.cache.internal.DefaultFileLockManager] Releasing lock on daemon addresses registry.
2023-04-02T20:00:15.733+0530 [DEBUG] [org.gradle.cache.internal.DefaultFileLockManager] Waiting to acquire shared lock on daemon addresses registry.
2023-04-02T20:00:15.734+0530 [DEBUG] [org.gradle.cache.internal.DefaultFileLockManager] Lock acquired on daemon addresses registry.
2023-04-02T20:00:15.735+0530 [DEBUG] [org.gradle.cache.internal.DefaultFileLockManager] Releasing lock on daemon addresses registry.
2023-04-02T20:00:15.739+0530 [DEBUG] [org.gradle.cache.internal.DefaultFileLockManager] Waiting to acquire shared lock on daemon addresses registry.
2023-04-02T20:00:15.740+0530 [DEBUG] [org.gradle.cache.internal.DefaultFileLockManager] Lock acquired on daemon addresses registry.
2023-04-02T20:00:15.746+0530 [DEBUG] [org.gradle.cache.internal.DefaultFileLockManager] Releasing lock on daemon addresses registry.
2023-04-02T20:00:25.718+0530 [DEBUG] [org.gradle.cache.internal.DefaultFileLockManager] Waiting to acquire shared lock on daemon addresses registry.
2023-04-02T20:00:25.762+0530 [DEBUG] [org.gradle.cache.internal.DefaultFileLockManager] Lock acquired on daemon addresses registry.
2023-04-02T20:00:25.763+0530 [DEBUG] [org.gradle.cache.internal.DefaultFileLockManager] Releasing lock on daemon addresses registry.
2023-04-02T20:00:25.765+0530 [DEBUG] [org.gradle.cache.internal.DefaultFileLockManager] Waiting to acquire shared lock on daemon addresses registry.
2023-04-02T20:00:25.766+0530 [DEBUG] [org.gradle.cache.internal.DefaultFileLockManager] Lock acquired on daemon addresses registry.
2023-04-02T20:00:25.766+0530 [DEBUG] [org.gradle.cache.internal.DefaultFileLockManager] Releasing lock on daemon addresses registry.
2023-04-02T20:00:25.768+0530 [DEBUG] [org.gradle.cache.internal.DefaultFileLockManager] Waiting to acquire shared lock on daemon addresses registry.
2023-04-02T20:00:25.769+0530 [DEBUG] [org.gradle.cache.internal.DefaultFileLockManager] Lock acquired on daemon addresses registry.
2023-04-02T20:00:25.769+0530 [DEBUG] [org.gradle.cache.internal.DefaultFileLockManager] Releasing lock on daemon addresses registry.
2023-04-02T20:00:35.730+0530 [DEBUG] [org.gradle.cache.internal.DefaultFileLockManager] Waiting to acquire shared lock on daemon addresses registry.
2023-04-02T20:00:35.731+0530 [DEBUG] [org.gradle.cache.internal.DefaultFileLockManager] Lock acquired on daemon addresses registry.
2023-04-02T20:00:35.733+0530 [DEBUG] [org.gradle.cache.internal.DefaultFileLockManager] Releasing lock on daemon addresses registry.
2023-04-02T20:00:35.736+0530 [DEBUG] [org.gradle.cache.internal.DefaultFileLockManager] Waiting to acquire shared lock on daemon addresses registry.
2023-04-02T20:00:35.737+0530 [DEBUG] [org.gradle.cache.internal.DefaultFileLockManager] Lock acquired on daemon addresses registry.
2023-04-02T20:00:35.738+0530 [DEBUG] [org.gradle.cache.internal.DefaultFileLockManager] Releasing lock on daemon addresses registry.
2023-04-02T20:00:35.740+0530 [DEBUG] [org.gradle.cache.internal.DefaultFileLockManager] Waiting to acquire shared lock on daemon addresses registry.
2023-04-02T20:00:35.741+0530 [DEBUG] [org.gradle.cache.internal.DefaultFileLockManager] Lock acquired on daemon addresses registry.
2023-04-02T20:00:35.742+0530 [DEBUG] [org.gradle.cache.internal.DefaultFileLockManager] Releasing lock on daemon addresses registry.
2023-04-02T20:00:45.729+0530 [DEBUG] [org.gradle.cache.internal.DefaultFileLockManager] Waiting to acquire shared lock on daemon addresses registry.
2023-04-02T20:00:45.730+0530 [DEBUG] [org.gradle.cache.internal.DefaultFileLockManager] Lock acquired on daemon addresses registry.
2023-04-02T20:00:45.731+0530 [DEBUG] [org.gradle.cache.internal.DefaultFileLockManager] Releasing lock on daemon addresses registry.
2023-04-02T20:00:45.735+0530 [DEBUG] [org.gradle.cache.internal.DefaultFileLockManager] Waiting to acquire shared lock on daemon addresses registry.
2023-04-02T20:00:45.736+0530 [DEBUG] [org.gradle.cache.internal.DefaultFileLockManager] Lock acquired on daemon addresses registry.
2023-04-02T20:00:45.737+0530 [DEBUG] [org.gradle.cache.internal.DefaultFileLockManager] Releasing lock on daemon addresses registry.
2023-04-02T20:00:45.740+0530 [DEBUG] [org.gradle.cache.internal.DefaultFileLockManager] Waiting to acquire shared lock on daemon addresses registry.
2023-04-02T20:00:45.741+0530 [DEBUG] [org.gradle.cache.internal.DefaultFileLockManager] Lock acquired on daemon addresses registry.
2023-04-02T20:00:45.742+0530 [DEBUG] [org.gradle.cache.internal.DefaultFileLockManager] Releasing lock on daemon addresses registry.
2023-04-02T20:00:55.731+0530 [DEBUG] [org.gradle.cache.internal.DefaultFileLockManager] Waiting to acquire shared lock on daemon addresses registry.
2023-04-02T20:00:55.733+0530 [DEBUG] [org.gradle.cache.internal.DefaultFileLockManager] Lock acquired on daemon addresses registry.
2023-04-02T20:00:55.734+0530 [DEBUG] [org.gradle.cache.internal.DefaultFileLockManager] Releasing lock on daemon addresses registry.
2023-04-02T20:00:55.737+0530 [DEBUG] [org.gradle.cache.internal.DefaultFileLockManager] Waiting to acquire shared lock on daemon addresses registry.
2023-04-02T20:00:55.738+0530 [DEBUG] [org.gradle.cache.internal.DefaultFileLockManager] Lock acquired on daemon addresses registry.
2023-04-02T20:00:55.739+0530 [DEBUG] [org.gradle.cache.internal.DefaultFileLockManager] Releasing lock on daemon addresses registry.
2023-04-02T20:00:55.742+0530 [DEBUG] [org.gradle.cache.internal.DefaultFileLockManager] Waiting to acquire shared lock on daemon addresses registry.
2023-04-02T20:00:55.744+0530 [DEBUG] [org.gradle.cache.internal.DefaultFileLockManager] Lock acquired on daemon addresses registry.
2023-04-02T20:00:55.748+0530 [DEBUG] [org.gradle.cache.internal.DefaultFileLockManager] Releasing lock on daemon addresses registry.
2023-04-02T20:01:05.729+0530 [DEBUG] [org.gradle.cache.internal.DefaultFileLockManager] Waiting to acquire shared lock on daemon addresses registry.
2023-04-02T20:01:05.731+0530 [DEBUG] [org.gradle.cache.internal.DefaultFileLockManager] Lock acquired on daemon addresses registry.
2023-04-02T20:01:05.735+0530 [DEBUG] [org.gradle.cache.internal.DefaultFileLockManager] Releasing lock on daemon addresses registry.
2023-04-02T20:01:05.738+0530 [DEBUG] [org.gradle.cache.internal.DefaultFileLockManager] Waiting to acquire shared lock on daemon addresses registry.
2023-04-02T20:01:05.739+0530 [DEBUG] [org.gradle.cache.internal.DefaultFileLockManager] Lock acquired on daemon addresses registry.
2023-04-02T20:01:05.740+0530 [DEBUG] [org.gradle.cache.internal.DefaultFileLockManager] Releasing lock on daemon addresses registry.
2023-04-02T20:01:05.744+0530 [DEBUG] [org.gradle.cache.internal.DefaultFileLockManager] Waiting to acquire shared lock on daemon addresses registry.
2023-04-02T20:01:05.745+0530 [DEBUG] [org.gradle.cache.internal.DefaultFileLockManager] Lock acquired on daemon addresses registry.
2023-04-02T20:01:05.746+0530 [DEBUG] [org.gradle.cache.internal.DefaultFileLockManager] Releasing lock on daemon addresses registry.
2023-04-02T20:01:15.729+0530 [DEBUG] [org.gradle.cache.internal.DefaultFileLockManager] Waiting to acquire shared lock on daemon addresses registry.
2023-04-02T20:01:15.731+0530 [DEBUG] [org.gradle.cache.internal.DefaultFileLockManager] Lock acquired on daemon addresses registry.
2023-04-02T20:01:15.732+0530 [DEBUG] [org.gradle.cache.internal.DefaultFileLockManager] Releasing lock on daemon addresses registry.
2023-04-02T20:01:15.735+0530 [DEBUG] [org.gradle.cache.internal.DefaultFileLockManager] Waiting to acquire shared lock on daemon addresses registry.
2023-04-02T20:01:15.735+0530 [DEBUG] [org.gradle.cache.internal.DefaultFileLockManager] Lock acquired on daemon addresses registry.
2023-04-02T20:01:15.740+0530 [DEBUG] [org.gradle.cache.internal.DefaultFileLockManager] Releasing lock on daemon addresses registry.
2023-04-02T20:01:15.743+0530 [DEBUG] [org.gradle.cache.internal.DefaultFileLockManager] Waiting to acquire shared lock on daemon addresses registry.
2023-04-02T20:01:15.743+0530 [DEBUG] [org.gradle.cache.internal.DefaultFileLockManager] Lock acquired on daemon addresses registry.
2023-04-02T20:01:15.745+0530 [DEBUG] [org.gradle.cache.internal.DefaultFileLockManager] Releasing lock on daemon addresses registry.
2023-04-02T20:01:25.728+0530 [DEBUG] [org.gradle.cache.internal.DefaultFileLockManager] Waiting to acquire shared lock on daemon addresses registry.
2023-04-02T20:01:25.729+0530 [DEBUG] [org.gradle.cache.internal.DefaultFileLockManager] Lock acquired on daemon addresses registry.
2023-04-02T20:01:25.730+0530 [DEBUG] [org.gradle.cache.internal.DefaultFileLockManager] Releasing lock on daemon addresses registry.
2023-04-02T20:01:25.733+0530 [DEBUG] [org.gradle.cache.internal.DefaultFileLockManager] Waiting to acquire shared lock on daemon addresses registry.
2023-04-02T20:01:25.734+0530 [DEBUG] [org.gradle.cache.internal.DefaultFileLockManager] Lock acquired on daemon addresses registry.
2023-04-02T20:01:25.735+0530 [DEBUG] [org.gradle.cache.internal.DefaultFileLockManager] Releasing lock on daemon addresses registry.
2023-04-02T20:01:25.738+0530 [DEBUG] [org.gradle.cache.internal.DefaultFileLockManager] Waiting to acquire shared lock on daemon addresses registry.
2023-04-02T20:01:25.739+0530 [DEBUG] [org.gradle.cache.internal.DefaultFileLockManager] Lock acquired on daemon addresses registry.
2023-04-02T20:01:25.740+0530 [DEBUG] [org.gradle.cache.internal.DefaultFileLockManager] Releasing lock on daemon addresses registry.
2023-04-02T20:01:35.723+0530 [DEBUG] [org.gradle.cache.internal.DefaultFileLockManager] Waiting to acquire shared lock on daemon addresses registry.
2023-04-02T20:01:35.724+0530 [DEBUG] [org.gradle.cache.internal.DefaultFileLockManager] Lock acquired on daemon addresses registry.
2023-04-02T20:01:35.725+0530 [DEBUG] [org.gradle.cache.internal.DefaultFileLockManager] Releasing lock on daemon addresses registry.
2023-04-02T20:01:35.728+0530 [DEBUG] [org.gradle.cache.internal.DefaultFileLockManager] Waiting to acquire shared lock on daemon addresses registry.
2023-04-02T20:01:35.728+0530 [DEBUG] [org.gradle.cache.internal.DefaultFileLockManager] Lock acquired on daemon addresses registry.
2023-04-02T20:01:35.732+0530 [DEBUG] [org.gradle.cache.internal.DefaultFileLockManager] Releasing lock on daemon addresses registry.
2023-04-02T20:01:35.734+0530 [DEBUG] [org.gradle.cache.internal.DefaultFileLockManager] Waiting to acquire shared lock on daemon addresses registry.
2023-04-02T20:01:35.735+0530 [DEBUG] [org.gradle.cache.internal.DefaultFileLockManager] Lock acquired on daemon addresses registry.
2023-04-02T20:01:35.735+0530 [DEBUG] [org.gradle.cache.internal.DefaultFileLockManager] Releasing lock on daemon addresses registry.
2023-04-02T20:01:42.128+0530 [DEBUG] [org.gradle.internal.remote.internal.inet.TcpIncomingConnector] Accepted connection from /127.0.0.1:50966 to /127.0.0.1:50037.
2023-04-02T20:01:42.156+0530 [DEBUG] [org.gradle.launcher.daemon.server.SynchronizedDispatchConnection] thread 121: received class org.gradle.launcher.daemon.protocol.StopWhenIdle
2023-04-02T20:01:42.157+0530 [DEBUG] [org.gradle.launcher.daemon.server.DefaultDaemonConnection] thread 121: Received non-IO message from client: StopWhenIdle[id=d565823e-e806-43c2-b579-2718a0141748]
2023-04-02T20:01:42.157+0530 [INFO] [org.gradle.launcher.daemon.server.DefaultIncomingConnectionHandler] Received command: StopWhenIdle[id=d565823e-e806-43c2-b579-2718a0141748].
2023-04-02T20:01:42.158+0530 [DEBUG] [org.gradle.launcher.daemon.server.DefaultIncomingConnectionHandler] Starting executing command: StopWhenIdle[id=d565823e-e806-43c2-b579-2718a0141748] with connection: socket connection from /127.0.0.1:50037 to /127.0.0.1:50966.
2023-04-02T20:01:42.158+0530 [DEBUG] [org.gradle.launcher.daemon.server.DaemonRegistryUpdater] Storing daemon stop event: stop command received
2023-04-02T20:01:42.162+0530 [DEBUG] [org.gradle.launcher.daemon.registry.PersistentDaemonRegistry] Storing daemon stop event with timestamp 1680445902160
2023-04-02T20:01:42.165+0530 [DEBUG] [org.gradle.cache.internal.DefaultFileLockManager] Waiting to acquire exclusive lock on daemon addresses registry.
2023-04-02T20:01:42.167+0530 [DEBUG] [org.gradle.cache.internal.DefaultFileLockManager] Lock acquired on daemon addresses registry.
2023-04-02T20:01:42.171+0530 [DEBUG] [org.gradle.cache.internal.DefaultFileLockManager] Releasing lock on daemon addresses registry.
2023-04-02T20:01:42.172+0530 [LIFECYCLE] [org.gradle.launcher.daemon.server.DaemonStateCoordinator] Daemon will be stopped at the end of the build stop command received
2023-04-02T20:01:42.173+0530 [DEBUG] [org.gradle.launcher.daemon.server.DaemonStateCoordinator] Marking daemon stopped due to stop command received. The daemon is running a build: false
2023-04-02T20:01:42.173+0530 [DEBUG] [org.gradle.launcher.daemon.server.SynchronizedDispatchConnection] thread 120: dispatching Success[value=null]
2023-04-02T20:01:42.173+0530 [DEBUG] [org.gradle.launcher.daemon.server.DaemonStateCoordinator] daemon has stopped.
2023-04-02T20:01:42.173+0530 [DEBUG] [org.gradle.launcher.daemon.server.DefaultIncomingConnectionHandler] Finishing executing command: StopWhenIdle[id=d565823e-e806-43c2-b579-2718a0141748]
2023-04-02T20:01:42.174+0530 [DEBUG] [org.gradle.launcher.daemon.server.Daemon] stop() called on daemon
2023-04-02T20:01:42.174+0530 [DEBUG] [org.gradle.launcher.daemon.server.SynchronizedDispatchConnection] thread 121: received class org.gradle.launcher.daemon.protocol.Finished
2023-04-02T20:01:42.174+0530 [INFO] [org.gradle.launcher.daemon.server.Daemon] Stop requested. Daemon is removing its presence from the registry...
2023-04-02T20:01:42.175+0530 [DEBUG] [org.gradle.launcher.daemon.server.DefaultDaemonConnection] thread 121: Received non-IO message from client: org.gradle.launcher.daemon.protocol.Finished@6e0efe3a
2023-04-02T20:01:42.175+0530 [DEBUG] [org.gradle.launcher.daemon.server.DaemonRegistryUpdater] Removing our presence to clients, eg. removing this address from the registry: [a16c6da1-9513-4f0a-8eae-987cb5247b0d port:50037, addresses:[localhost/127.0.0.1]]
2023-04-02T20:01:42.175+0530 [DEBUG] [org.gradle.internal.remote.internal.inet.SocketConnection] Discarding EOFException: java.io.EOFException
2023-04-02T20:01:42.176+0530 [DEBUG] [org.gradle.launcher.daemon.server.DefaultIncomingConnectionHandler] Received finished message: org.gradle.launcher.daemon.protocol.Finished@6e0efe3a
2023-04-02T20:01:42.175+0530 [DEBUG] [org.gradle.launcher.daemon.registry.PersistentDaemonRegistry] Removing daemon address: [a16c6da1-9513-4f0a-8eae-987cb5247b0d port:50037, addresses:[localhost/127.0.0.1]]
2023-04-02T20:01:42.176+0530 [DEBUG] [org.gradle.launcher.daemon.server.SynchronizedDispatchConnection] thread 120: stopping connection
2023-04-02T20:01:42.176+0530 [DEBUG] [org.gradle.launcher.daemon.server.SynchronizedDispatchConnection] thread 121: received null
2023-04-02T20:01:42.177+0530 [DEBUG] [org.gradle.launcher.daemon.server.DefaultDaemonConnection] thread 121: Received end-of-input from client.
2023-04-02T20:01:42.179+0530 [DEBUG] [org.gradle.launcher.daemon.server.SynchronizedDispatchConnection] thread 120: stopping connection
2023-04-02T20:01:42.179+0530 [DEBUG] [org.gradle.cache.internal.DefaultFileLockManager] Waiting to acquire exclusive lock on daemon addresses registry.
2023-04-02T20:01:42.181+0530 [DEBUG] [org.gradle.cache.internal.DefaultFileLockManager] Lock acquired on daemon addresses registry.
2023-04-02T20:01:42.184+0530 [DEBUG] [org.gradle.cache.internal.DefaultFileLockManager] Releasing lock on daemon addresses registry.
2023-04-02T20:01:42.186+0530 [DEBUG] [org.gradle.launcher.daemon.server.DaemonRegistryUpdater] Address removed from registry.
2023-04-02T20:01:42.189+0530 [DEBUG] [org.gradle.cache.internal.LockOnDemandCrossProcessCacheAccess] Releasing file lock for jars (C:\Projects\Wallet\android\caches\jars-9)
2023-04-02T20:01:42.190+0530 [DEBUG] [org.gradle.cache.internal.DefaultFileLockManager] Releasing lock on jars (C:\Projects\Wallet\android\caches\jars-9).
2023-04-02T20:01:42.193+0530 [DEBUG] [org.gradle.cache.internal.LockOnDemandCrossProcessCacheAccess] Releasing file lock for Artifact transforms cache (C:\Projects\Wallet\android\caches\transforms-3)
2023-04-02T20:01:42.193+0530 [DEBUG] [org.gradle.cache.internal.DefaultFileLockManager] Releasing lock on Artifact transforms cache (C:\Projects\Wallet\android\caches\transforms-3).
2023-04-02T20:01:42.197+0530 [DEBUG] [org.gradle.cache.internal.LockOnDemandCrossProcessCacheAccess] Releasing file lock for kotlin-dsl (C:\Projects\Wallet\android\caches\7.5.1\kotlin-dsl)
2023-04-02T20:01:42.197+0530 [DEBUG] [org.gradle.cache.internal.btree.BTreePersistentIndexedCache] Closing cache executionHistory.bin (C:\Projects\Wallet\android\caches\7.5.1\kotlin-dsl\executionHistory.bin)
2023-04-02T20:01:42.198+0530 [DEBUG] [org.gradle.cache.internal.DefaultFileLockManager] Releasing lock on kotlin-dsl (C:\Projects\Wallet\android\caches\7.5.1\kotlin-dsl).
2023-04-02T20:01:42.277+0530 [DEBUG] [org.gradle.cache.internal.LockOnDemandCrossProcessCacheAccess] Releasing file lock for file content cache (C:\Projects\Wallet\android\caches\7.5.1\fileContent)
2023-04-02T20:01:42.278+0530 [DEBUG] [org.gradle.cache.internal.DefaultFileLockManager] Releasing lock on file content cache (C:\Projects\Wallet\android\caches\7.5.1\fileContent).
2023-04-02T20:01:42.282+0530 [DEBUG] [org.gradle.internal.watch.vfs.impl.WatchingVirtualFileSystem] Closing VFS, dropping state
2023-04-02T20:01:42.303+0530 [DEBUG] [org.gradle.internal.watch.registry.impl.DefaultFileWatcherRegistry] Finished listening to file system change events
2023-04-02T20:01:42.305+0530 [DEBUG] [org.gradle.cache.internal.LockOnDemandCrossProcessCacheAccess] Releasing file lock for Generated Gradle JARs cache (C:\Projects\Wallet\android\caches\7.5.1\generated-gradle-jars)
2023-04-02T20:01:42.305+0530 [DEBUG] [org.gradle.cache.internal.DefaultFileLockManager] Releasing lock on Generated Gradle JARs cache (C:\Projects\Wallet\android\caches\7.5.1\generated-gradle-jars).
2023-04-02T20:01:42.341+0530 [DEBUG] [org.gradle.cache.internal.LockOnDemandCrossProcessCacheAccess] Releasing file lock for artifact cache (C:\Projects\Wallet\android\caches\modules-2)
2023-04-02T20:01:42.342+0530 [DEBUG] [org.gradle.cache.internal.btree.BTreePersistentIndexedCache] Closing cache module-metadata.bin (C:\Projects\Wallet\android\caches\modules-2\metadata-2.99\module-metadata.bin)
2023-04-02T20:01:42.358+0530 [DEBUG] [org.gradle.cache.internal.btree.BTreePersistentIndexedCache] Closing cache resource-at-url.bin (C:\Projects\Wallet\android\caches\modules-2\metadata-2.99\resource-at-url.bin)
2023-04-02T20:01:42.359+0530 [DEBUG] [org.gradle.cache.internal.btree.BTreePersistentIndexedCache] Closing cache module-artifact.bin (C:\Projects\Wallet\android\caches\modules-2\metadata-2.99\module-artifact.bin)
2023-04-02T20:01:42.374+0530 [DEBUG] [org.gradle.cache.internal.DefaultFileLockManager] Releasing lock on artifact cache (C:\Projects\Wallet\android\caches\modules-2).
2023-04-02T20:01:42.393+0530 [DEBUG] [org.gradle.cache.internal.LockOnDemandCrossProcessCacheAccess] Releasing file lock for journal cache (C:\Projects\Wallet\android\caches\journal-1)
2023-04-02T20:01:42.393+0530 [DEBUG] [org.gradle.cache.internal.btree.BTreePersistentIndexedCache] Closing cache file-access.bin (C:\Projects\Wallet\android\caches\journal-1\file-access.bin)
2023-04-02T20:01:42.394+0530 [DEBUG] [org.gradle.cache.internal.DefaultFileLockManager] Releasing lock on journal cache (C:\Projects\Wallet\android\caches\journal-1).
2023-04-02T20:01:42.405+0530 [DEBUG] [org.gradle.cache.internal.LockOnDemandCrossProcessCacheAccess] Releasing file lock for file hash cache (C:\Projects\Wallet\android\caches\7.5.1\fileHashes)
2023-04-02T20:01:42.406+0530 [DEBUG] [org.gradle.cache.internal.btree.BTreePersistentIndexedCache] Closing cache fileHashes.bin (C:\Projects\Wallet\android\caches\7.5.1\fileHashes\fileHashes.bin)
2023-04-02T20:01:42.413+0530 [DEBUG] [org.gradle.cache.internal.btree.BTreePersistentIndexedCache] Closing cache resourceHashesCache.bin (C:\Projects\Wallet\android\caches\7.5.1\fileHashes\resourceHashesCache.bin)
2023-04-02T20:01:42.425+0530 [DEBUG] [org.gradle.cache.internal.DefaultFileLockManager] Releasing lock on file hash cache (C:\Projects\Wallet\android\caches\7.5.1\fileHashes).
2023-04-02T20:01:42.437+0530 [DEBUG] [org.gradle.cache.internal.LockOnDemandCrossProcessCacheAccess] Releasing file lock for execution history cache (C:\Projects\Wallet\android\caches\7.5.1\executionHistory)
2023-04-02T20:01:42.439+0530 [DEBUG] [org.gradle.cache.internal.btree.BTreePersistentIndexedCache] Closing cache executionHistory.bin (C:\Projects\Wallet\android\caches\7.5.1\executionHistory\executionHistory.bin)
2023-04-02T20:01:42.444+0530 [DEBUG] [org.gradle.cache.internal.DefaultFileLockManager] Releasing lock on execution history cache (C:\Projects\Wallet\android\caches\7.5.1\executionHistory).
2023-04-02T20:01:42.540+0530 [DEBUG] [org.gradle.cache.internal.VersionSpecificCacheCleanupAction] Processed version-specific caches at C:\Projects\Wallet\android\caches for cleanup in 0.089 secs
Daemon vm is shutting down... The daemon has exited normally or was terminated in response to a user interrupt.
2023-04-02T20:01:42.582+0530 [DEBUG] [org.gradle.launcher.daemon.registry.PersistentDaemonRegistry] Removing daemon address: [a16c6da1-9513-4f0a-8eae-987cb5247b0d port:50037, addresses:[localhost/127.0.0.1]]
2023-04-02T20:01:42.583+0530 [DEBUG] [org.gradle.cache.internal.DefaultFileLockManager] Waiting to acquire exclusive lock on daemon addresses registry.
2023-04-02T20:01:42.586+0530 [DEBUG] [org.gradle.cache.internal.DefaultFileLockManager] Lock acquired on daemon addresses registry.
2023-04-02T20:01:42.598+0530 [DEBUG] [org.gradle.cache.internal.DefaultFileLockManager] Releasing lock on daemon addresses registry.
